<?xml version="1.0" encoding="UTF-8"?>
<testng-results skipped="0" failed="1" total="15" passed="14">
  <reporter-output>
  </reporter-output>
  <suite name="Default suite" duration-ms="153049" started-at="2018-06-04T14:39:38Z" finished-at="2018-06-04T14:42:11Z">
    <groups>
    </groups>
    <test name="Default test" duration-ms="153049" started-at="2018-06-04T14:39:38Z" finished-at="2018-06-04T14:42:11Z">
      <class name="com.qa.appadmin.testCases.AppAdminAddRandomizationCodePageTest">
        <test-method status="PASS" signature="setup()[pri:0, instance:com.qa.appadmin.testCases.AppAdminAddRandomizationCodePageTest@d8355a8]" name="setup" is-config="true" duration-ms="14794" started-at="2018-06-04T20:09:38Z" finished-at="2018-06-04T20:09:53Z">
          <reporter-output>
          </reporter-output>
        </test-method> <!-- setup -->
        <test-method status="PASS" signature="ConfigPageTitleTest()[pri:0, instance:com.qa.appadmin.testCases.AppAdminAddRandomizationCodePageTest@d8355a8]" name="ConfigPageTitleTest" duration-ms="23" started-at="2018-06-04T20:09:53Z" finished-at="2018-06-04T20:09:53Z">
          <reporter-output>
          </reporter-output>
        </test-method> <!-- ConfigPageTitleTest -->
        <test-method status="PASS" signature="tearDown()[pri:0, instance:com.qa.appadmin.testCases.AppAdminAddRandomizationCodePageTest@d8355a8]" name="tearDown" is-config="true" duration-ms="1072" started-at="2018-06-04T20:09:53Z" finished-at="2018-06-04T20:09:54Z">
          <reporter-output>
          </reporter-output>
        </test-method> <!-- tearDown -->
        <test-method status="PASS" signature="setup()[pri:0, instance:com.qa.appadmin.testCases.AppAdminAddRandomizationCodePageTest@d8355a8]" name="setup" is-config="true" duration-ms="7691" started-at="2018-06-04T20:09:54Z" finished-at="2018-06-04T20:10:02Z">
          <reporter-output>
          </reporter-output>
        </test-method> <!-- setup -->
        <test-method status="PASS" signature="verifyUserNameTest()[pri:0, instance:com.qa.appadmin.testCases.AppAdminAddRandomizationCodePageTest@d8355a8]" name="verifyUserNameTest" duration-ms="61" started-at="2018-06-04T20:10:02Z" finished-at="2018-06-04T20:10:02Z">
          <reporter-output>
          </reporter-output>
        </test-method> <!-- verifyUserNameTest -->
        <test-method status="PASS" signature="tearDown()[pri:0, instance:com.qa.appadmin.testCases.AppAdminAddRandomizationCodePageTest@d8355a8]" name="tearDown" is-config="true" duration-ms="742" started-at="2018-06-04T20:10:02Z" finished-at="2018-06-04T20:10:03Z">
          <reporter-output>
          </reporter-output>
        </test-method> <!-- tearDown -->
        <test-method status="PASS" signature="setup()[pri:0, instance:com.qa.appadmin.testCases.AppAdminAddRandomizationCodePageTest@d8355a8]" name="setup" is-config="true" duration-ms="7174" started-at="2018-06-04T20:10:04Z" finished-at="2018-06-04T20:10:11Z">
          <reporter-output>
          </reporter-output>
        </test-method> <!-- setup -->
        <test-method status="PASS" signature="verifyclickOnSave(java.lang.String, java.lang.String, java.lang.String, java.lang.String, java.lang.String, java.lang.String, java.lang.String, java.lang.String, java.lang.String, java.lang.String, java.lang.String, java.lang.String, java.lang.String)[pri:0, instance:com.qa.appadmin.testCases.AppAdminAddRandomizationCodePageTest@d8355a8]" name="verifyclickOnSave" duration-ms="1882" started-at="2018-06-04T20:10:11Z" data-provider="norwichGetTestData" finished-at="2018-06-04T20:10:13Z">
          <params>
            <param index="0">
              <value>
                <![CDATA[r1]]>
              </value>
            </param>
            <param index="1">
              <value>
                <![CDATA[11111.0]]>
              </value>
            </param>
            <param index="2">
              <value>
                <![CDATA[11.0]]>
              </value>
            </param>
            <param index="3">
              <value>
                <![CDATA[11-May-2018]]>
              </value>
            </param>
            <param index="4">
              <value>
                <![CDATA[pdt1]]>
              </value>
            </param>
            <param index="5">
              <value>
                <![CDATA[10.0]]>
              </value>
            </param>
            <param index="6">
              <value>
                <![CDATA[dose1]]>
              </value>
            </param>
            <param index="7">
              <value>
                <![CDATA[route1]]>
              </value>
            </param>
            <param index="8">
              <value>
                <![CDATA[name and address1]]>
              </value>
            </param>
            <param index="9">
              <value>
                <![CDATA[pi1]]>
              </value>
            </param>
            <param index="10">
              <value>
                <![CDATA[cold]]>
              </value>
            </param>
            <param index="11">
              <value>
                <![CDATA[10.0]]>
              </value>
            </param>
            <param index="12">
              <value>
                <![CDATA[use1]]>
              </value>
            </param>
          </params>
          <reporter-output>
          </reporter-output>
        </test-method> <!-- verifyclickOnSave -->
        <test-method status="PASS" signature="tearDown()[pri:0, instance:com.qa.appadmin.testCases.AppAdminAddRandomizationCodePageTest@d8355a8]" name="tearDown" is-config="true" duration-ms="781" started-at="2018-06-04T20:10:13Z" finished-at="2018-06-04T20:10:13Z">
          <reporter-output>
          </reporter-output>
        </test-method> <!-- tearDown -->
        <test-method status="PASS" signature="setup()[pri:0, instance:com.qa.appadmin.testCases.AppAdminAddRandomizationCodePageTest@d8355a8]" name="setup" is-config="true" duration-ms="7411" started-at="2018-06-04T20:10:13Z" finished-at="2018-06-04T20:10:21Z">
          <reporter-output>
          </reporter-output>
        </test-method> <!-- setup -->
        <test-method status="PASS" signature="verifyclickOnSave(java.lang.String, java.lang.String, java.lang.String, java.lang.String, java.lang.String, java.lang.String, java.lang.String, java.lang.String, java.lang.String, java.lang.String, java.lang.String, java.lang.String, java.lang.String)[pri:0, instance:com.qa.appadmin.testCases.AppAdminAddRandomizationCodePageTest@d8355a8]" name="verifyclickOnSave" duration-ms="1691" started-at="2018-06-04T20:10:21Z" data-provider="norwichGetTestData" finished-at="2018-06-04T20:10:22Z">
          <params>
            <param index="0">
              <value>
                <![CDATA[r2]]>
              </value>
            </param>
            <param index="1">
              <value>
                <![CDATA[11111.0]]>
              </value>
            </param>
            <param index="2">
              <value>
                <![CDATA[11.0]]>
              </value>
            </param>
            <param index="3">
              <value>
                <![CDATA[12-May-2018]]>
              </value>
            </param>
            <param index="4">
              <value>
                <![CDATA[pdt2]]>
              </value>
            </param>
            <param index="5">
              <value>
                <![CDATA[10.0]]>
              </value>
            </param>
            <param index="6">
              <value>
                <![CDATA[dose2]]>
              </value>
            </param>
            <param index="7">
              <value>
                <![CDATA[route2]]>
              </value>
            </param>
            <param index="8">
              <value>
                <![CDATA[name and address2]]>
              </value>
            </param>
            <param index="9">
              <value>
                <![CDATA[pi2]]>
              </value>
            </param>
            <param index="10">
              <value>
                <![CDATA[cold]]>
              </value>
            </param>
            <param index="11">
              <value>
                <![CDATA[10.0]]>
              </value>
            </param>
            <param index="12">
              <value>
                <![CDATA[use2]]>
              </value>
            </param>
          </params>
          <reporter-output>
          </reporter-output>
        </test-method> <!-- verifyclickOnSave -->
        <test-method status="PASS" signature="tearDown()[pri:0, instance:com.qa.appadmin.testCases.AppAdminAddRandomizationCodePageTest@d8355a8]" name="tearDown" is-config="true" duration-ms="1008" started-at="2018-06-04T20:10:22Z" finished-at="2018-06-04T20:10:24Z">
          <reporter-output>
          </reporter-output>
        </test-method> <!-- tearDown -->
        <test-method status="PASS" signature="setup()[pri:0, instance:com.qa.appadmin.testCases.AppAdminAddRandomizationCodePageTest@d8355a8]" name="setup" is-config="true" duration-ms="7197" started-at="2018-06-04T20:10:24Z" finished-at="2018-06-04T20:10:31Z">
          <reporter-output>
          </reporter-output>
        </test-method> <!-- setup -->
        <test-method status="PASS" signature="verifyclickOnSave(java.lang.String, java.lang.String, java.lang.String, java.lang.String, java.lang.String, java.lang.String, java.lang.String, java.lang.String, java.lang.String, java.lang.String, java.lang.String, java.lang.String, java.lang.String)[pri:0, instance:com.qa.appadmin.testCases.AppAdminAddRandomizationCodePageTest@d8355a8]" name="verifyclickOnSave" duration-ms="1662" started-at="2018-06-04T20:10:31Z" data-provider="norwichGetTestData" finished-at="2018-06-04T20:10:32Z">
          <params>
            <param index="0">
              <value>
                <![CDATA[r3]]>
              </value>
            </param>
            <param index="1">
              <value>
                <![CDATA[11111.0]]>
              </value>
            </param>
            <param index="2">
              <value>
                <![CDATA[11.0]]>
              </value>
            </param>
            <param index="3">
              <value>
                <![CDATA[13-May-2018]]>
              </value>
            </param>
            <param index="4">
              <value>
                <![CDATA[pdt3]]>
              </value>
            </param>
            <param index="5">
              <value>
                <![CDATA[10.0]]>
              </value>
            </param>
            <param index="6">
              <value>
                <![CDATA[dose3]]>
              </value>
            </param>
            <param index="7">
              <value>
                <![CDATA[route3]]>
              </value>
            </param>
            <param index="8">
              <value>
                <![CDATA[name and address3]]>
              </value>
            </param>
            <param index="9">
              <value>
                <![CDATA[pi3]]>
              </value>
            </param>
            <param index="10">
              <value>
                <![CDATA[cold]]>
              </value>
            </param>
            <param index="11">
              <value>
                <![CDATA[10.0]]>
              </value>
            </param>
            <param index="12">
              <value>
                <![CDATA[use3]]>
              </value>
            </param>
          </params>
          <reporter-output>
          </reporter-output>
        </test-method> <!-- verifyclickOnSave -->
        <test-method status="PASS" signature="tearDown()[pri:0, instance:com.qa.appadmin.testCases.AppAdminAddRandomizationCodePageTest@d8355a8]" name="tearDown" is-config="true" duration-ms="937" started-at="2018-06-04T20:10:32Z" finished-at="2018-06-04T20:10:33Z">
          <reporter-output>
          </reporter-output>
        </test-method> <!-- tearDown -->
        <test-method status="PASS" signature="setup()[pri:0, instance:com.qa.appadmin.testCases.AppAdminAddRandomizationCodePageTest@d8355a8]" name="setup" is-config="true" duration-ms="7066" started-at="2018-06-04T20:10:33Z" finished-at="2018-06-04T20:10:40Z">
          <reporter-output>
          </reporter-output>
        </test-method> <!-- setup -->
        <test-method status="PASS" signature="verifyclickOnSave(java.lang.String, java.lang.String, java.lang.String, java.lang.String, java.lang.String, java.lang.String, java.lang.String, java.lang.String, java.lang.String, java.lang.String, java.lang.String, java.lang.String, java.lang.String)[pri:0, instance:com.qa.appadmin.testCases.AppAdminAddRandomizationCodePageTest@d8355a8]" name="verifyclickOnSave" duration-ms="1657" started-at="2018-06-04T20:10:40Z" data-provider="norwichGetTestData" finished-at="2018-06-04T20:10:42Z">
          <params>
            <param index="0">
              <value>
                <![CDATA[r4]]>
              </value>
            </param>
            <param index="1">
              <value>
                <![CDATA[11111.0]]>
              </value>
            </param>
            <param index="2">
              <value>
                <![CDATA[11.0]]>
              </value>
            </param>
            <param index="3">
              <value>
                <![CDATA[14-May-2018]]>
              </value>
            </param>
            <param index="4">
              <value>
                <![CDATA[pdt4]]>
              </value>
            </param>
            <param index="5">
              <value>
                <![CDATA[10.0]]>
              </value>
            </param>
            <param index="6">
              <value>
                <![CDATA[dose4]]>
              </value>
            </param>
            <param index="7">
              <value>
                <![CDATA[route4]]>
              </value>
            </param>
            <param index="8">
              <value>
                <![CDATA[name and address4]]>
              </value>
            </param>
            <param index="9">
              <value>
                <![CDATA[pi4]]>
              </value>
            </param>
            <param index="10">
              <value>
                <![CDATA[cold]]>
              </value>
            </param>
            <param index="11">
              <value>
                <![CDATA[10.0]]>
              </value>
            </param>
            <param index="12">
              <value>
                <![CDATA[use4]]>
              </value>
            </param>
          </params>
          <reporter-output>
          </reporter-output>
        </test-method> <!-- verifyclickOnSave -->
        <test-method status="PASS" signature="tearDown()[pri:0, instance:com.qa.appadmin.testCases.AppAdminAddRandomizationCodePageTest@d8355a8]" name="tearDown" is-config="true" duration-ms="865" started-at="2018-06-04T20:10:42Z" finished-at="2018-06-04T20:10:43Z">
          <reporter-output>
          </reporter-output>
        </test-method> <!-- tearDown -->
        <test-method status="PASS" signature="setup()[pri:0, instance:com.qa.appadmin.testCases.AppAdminAddRandomizationCodePageTest@d8355a8]" name="setup" is-config="true" duration-ms="7131" started-at="2018-06-04T20:10:43Z" finished-at="2018-06-04T20:10:50Z">
          <reporter-output>
          </reporter-output>
        </test-method> <!-- setup -->
        <test-method status="PASS" signature="verifyclickOnSave(java.lang.String, java.lang.String, java.lang.String, java.lang.String, java.lang.String, java.lang.String, java.lang.String, java.lang.String, java.lang.String, java.lang.String, java.lang.String, java.lang.String, java.lang.String)[pri:0, instance:com.qa.appadmin.testCases.AppAdminAddRandomizationCodePageTest@d8355a8]" name="verifyclickOnSave" duration-ms="1690" started-at="2018-06-04T20:10:50Z" data-provider="norwichGetTestData" finished-at="2018-06-04T20:10:52Z">
          <params>
            <param index="0">
              <value>
                <![CDATA[r5]]>
              </value>
            </param>
            <param index="1">
              <value>
                <![CDATA[11111.0]]>
              </value>
            </param>
            <param index="2">
              <value>
                <![CDATA[11.0]]>
              </value>
            </param>
            <param index="3">
              <value>
                <![CDATA[15-May-2018]]>
              </value>
            </param>
            <param index="4">
              <value>
                <![CDATA[pdt5]]>
              </value>
            </param>
            <param index="5">
              <value>
                <![CDATA[10.0]]>
              </value>
            </param>
            <param index="6">
              <value>
                <![CDATA[dose5]]>
              </value>
            </param>
            <param index="7">
              <value>
                <![CDATA[route5]]>
              </value>
            </param>
            <param index="8">
              <value>
                <![CDATA[name and address5]]>
              </value>
            </param>
            <param index="9">
              <value>
                <![CDATA[pi5]]>
              </value>
            </param>
            <param index="10">
              <value>
                <![CDATA[cold]]>
              </value>
            </param>
            <param index="11">
              <value>
                <![CDATA[10.0]]>
              </value>
            </param>
            <param index="12">
              <value>
                <![CDATA[use5]]>
              </value>
            </param>
          </params>
          <reporter-output>
          </reporter-output>
        </test-method> <!-- verifyclickOnSave -->
        <test-method status="PASS" signature="tearDown()[pri:0, instance:com.qa.appadmin.testCases.AppAdminAddRandomizationCodePageTest@d8355a8]" name="tearDown" is-config="true" duration-ms="936" started-at="2018-06-04T20:10:52Z" finished-at="2018-06-04T20:10:53Z">
          <reporter-output>
          </reporter-output>
        </test-method> <!-- tearDown -->
        <test-method status="PASS" signature="setup()[pri:0, instance:com.qa.appadmin.testCases.AppAdminAddRandomizationCodePageTest@d8355a8]" name="setup" is-config="true" duration-ms="7153" started-at="2018-06-04T20:10:53Z" finished-at="2018-06-04T20:11:00Z">
          <reporter-output>
          </reporter-output>
        </test-method> <!-- setup -->
        <test-method status="PASS" signature="verifyclickOnSave(java.lang.String, java.lang.String, java.lang.String, java.lang.String, java.lang.String, java.lang.String, java.lang.String, java.lang.String, java.lang.String, java.lang.String, java.lang.String, java.lang.String, java.lang.String)[pri:0, instance:com.qa.appadmin.testCases.AppAdminAddRandomizationCodePageTest@d8355a8]" name="verifyclickOnSave" duration-ms="1754" started-at="2018-06-04T20:11:00Z" data-provider="norwichGetTestData" finished-at="2018-06-04T20:11:02Z">
          <params>
            <param index="0">
              <value>
                <![CDATA[r6]]>
              </value>
            </param>
            <param index="1">
              <value>
                <![CDATA[11111.0]]>
              </value>
            </param>
            <param index="2">
              <value>
                <![CDATA[11.0]]>
              </value>
            </param>
            <param index="3">
              <value>
                <![CDATA[16-May-2018]]>
              </value>
            </param>
            <param index="4">
              <value>
                <![CDATA[pdt6]]>
              </value>
            </param>
            <param index="5">
              <value>
                <![CDATA[10.0]]>
              </value>
            </param>
            <param index="6">
              <value>
                <![CDATA[dose6]]>
              </value>
            </param>
            <param index="7">
              <value>
                <![CDATA[route6]]>
              </value>
            </param>
            <param index="8">
              <value>
                <![CDATA[name and address6]]>
              </value>
            </param>
            <param index="9">
              <value>
                <![CDATA[pi6]]>
              </value>
            </param>
            <param index="10">
              <value>
                <![CDATA[cold]]>
              </value>
            </param>
            <param index="11">
              <value>
                <![CDATA[10.0]]>
              </value>
            </param>
            <param index="12">
              <value>
                <![CDATA[use6]]>
              </value>
            </param>
          </params>
          <reporter-output>
          </reporter-output>
        </test-method> <!-- verifyclickOnSave -->
        <test-method status="PASS" signature="tearDown()[pri:0, instance:com.qa.appadmin.testCases.AppAdminAddRandomizationCodePageTest@d8355a8]" name="tearDown" is-config="true" duration-ms="897" started-at="2018-06-04T20:11:02Z" finished-at="2018-06-04T20:11:02Z">
          <reporter-output>
          </reporter-output>
        </test-method> <!-- tearDown -->
        <test-method status="PASS" signature="setup()[pri:0, instance:com.qa.appadmin.testCases.AppAdminAddRandomizationCodePageTest@d8355a8]" name="setup" is-config="true" duration-ms="8228" started-at="2018-06-04T20:11:02Z" finished-at="2018-06-04T20:11:11Z">
          <reporter-output>
          </reporter-output>
        </test-method> <!-- setup -->
        <test-method status="PASS" signature="verifyclickOnSave(java.lang.String, java.lang.String, java.lang.String, java.lang.String, java.lang.String, java.lang.String, java.lang.String, java.lang.String, java.lang.String, java.lang.String, java.lang.String, java.lang.String, java.lang.String)[pri:0, instance:com.qa.appadmin.testCases.AppAdminAddRandomizationCodePageTest@d8355a8]" name="verifyclickOnSave" duration-ms="1656" started-at="2018-06-04T20:11:11Z" data-provider="norwichGetTestData" finished-at="2018-06-04T20:11:12Z">
          <params>
            <param index="0">
              <value>
                <![CDATA[r7]]>
              </value>
            </param>
            <param index="1">
              <value>
                <![CDATA[11111.0]]>
              </value>
            </param>
            <param index="2">
              <value>
                <![CDATA[11.0]]>
              </value>
            </param>
            <param index="3">
              <value>
                <![CDATA[17-May-2018]]>
              </value>
            </param>
            <param index="4">
              <value>
                <![CDATA[pdt7]]>
              </value>
            </param>
            <param index="5">
              <value>
                <![CDATA[10.0]]>
              </value>
            </param>
            <param index="6">
              <value>
                <![CDATA[dose7]]>
              </value>
            </param>
            <param index="7">
              <value>
                <![CDATA[route7]]>
              </value>
            </param>
            <param index="8">
              <value>
                <![CDATA[name and address7]]>
              </value>
            </param>
            <param index="9">
              <value>
                <![CDATA[pi7]]>
              </value>
            </param>
            <param index="10">
              <value>
                <![CDATA[cold]]>
              </value>
            </param>
            <param index="11">
              <value>
                <![CDATA[10.0]]>
              </value>
            </param>
            <param index="12">
              <value>
                <![CDATA[use7]]>
              </value>
            </param>
          </params>
          <reporter-output>
          </reporter-output>
        </test-method> <!-- verifyclickOnSave -->
        <test-method status="PASS" signature="tearDown()[pri:0, instance:com.qa.appadmin.testCases.AppAdminAddRandomizationCodePageTest@d8355a8]" name="tearDown" is-config="true" duration-ms="789" started-at="2018-06-04T20:11:12Z" finished-at="2018-06-04T20:11:13Z">
          <reporter-output>
          </reporter-output>
        </test-method> <!-- tearDown -->
        <test-method status="PASS" signature="setup()[pri:0, instance:com.qa.appadmin.testCases.AppAdminAddRandomizationCodePageTest@d8355a8]" name="setup" is-config="true" duration-ms="7883" started-at="2018-06-04T20:11:13Z" finished-at="2018-06-04T20:11:21Z">
          <reporter-output>
          </reporter-output>
        </test-method> <!-- setup -->
        <test-method status="PASS" signature="verifyclickOnSave(java.lang.String, java.lang.String, java.lang.String, java.lang.String, java.lang.String, java.lang.String, java.lang.String, java.lang.String, java.lang.String, java.lang.String, java.lang.String, java.lang.String, java.lang.String)[pri:0, instance:com.qa.appadmin.testCases.AppAdminAddRandomizationCodePageTest@d8355a8]" name="verifyclickOnSave" duration-ms="1681" started-at="2018-06-04T20:11:21Z" data-provider="norwichGetTestData" finished-at="2018-06-04T20:11:23Z">
          <params>
            <param index="0">
              <value>
                <![CDATA[r8]]>
              </value>
            </param>
            <param index="1">
              <value>
                <![CDATA[11111.0]]>
              </value>
            </param>
            <param index="2">
              <value>
                <![CDATA[11.0]]>
              </value>
            </param>
            <param index="3">
              <value>
                <![CDATA[18-May-2018]]>
              </value>
            </param>
            <param index="4">
              <value>
                <![CDATA[pdt8]]>
              </value>
            </param>
            <param index="5">
              <value>
                <![CDATA[10.0]]>
              </value>
            </param>
            <param index="6">
              <value>
                <![CDATA[dose8]]>
              </value>
            </param>
            <param index="7">
              <value>
                <![CDATA[route8]]>
              </value>
            </param>
            <param index="8">
              <value>
                <![CDATA[name and address8]]>
              </value>
            </param>
            <param index="9">
              <value>
                <![CDATA[pi8]]>
              </value>
            </param>
            <param index="10">
              <value>
                <![CDATA[cold]]>
              </value>
            </param>
            <param index="11">
              <value>
                <![CDATA[10.0]]>
              </value>
            </param>
            <param index="12">
              <value>
                <![CDATA[use8]]>
              </value>
            </param>
          </params>
          <reporter-output>
          </reporter-output>
        </test-method> <!-- verifyclickOnSave -->
        <test-method status="PASS" signature="tearDown()[pri:0, instance:com.qa.appadmin.testCases.AppAdminAddRandomizationCodePageTest@d8355a8]" name="tearDown" is-config="true" duration-ms="748" started-at="2018-06-04T20:11:23Z" finished-at="2018-06-04T20:11:23Z">
          <reporter-output>
          </reporter-output>
        </test-method> <!-- tearDown -->
        <test-method status="PASS" signature="setup()[pri:0, instance:com.qa.appadmin.testCases.AppAdminAddRandomizationCodePageTest@d8355a8]" name="setup" is-config="true" duration-ms="7620" started-at="2018-06-04T20:11:23Z" finished-at="2018-06-04T20:11:31Z">
          <reporter-output>
          </reporter-output>
        </test-method> <!-- setup -->
        <test-method status="PASS" signature="verifyclickOnSave(java.lang.String, java.lang.String, java.lang.String, java.lang.String, java.lang.String, java.lang.String, java.lang.String, java.lang.String, java.lang.String, java.lang.String, java.lang.String, java.lang.String, java.lang.String)[pri:0, instance:com.qa.appadmin.testCases.AppAdminAddRandomizationCodePageTest@d8355a8]" name="verifyclickOnSave" duration-ms="1633" started-at="2018-06-04T20:11:31Z" data-provider="norwichGetTestData" finished-at="2018-06-04T20:11:33Z">
          <params>
            <param index="0">
              <value>
                <![CDATA[r9]]>
              </value>
            </param>
            <param index="1">
              <value>
                <![CDATA[11111.0]]>
              </value>
            </param>
            <param index="2">
              <value>
                <![CDATA[11.0]]>
              </value>
            </param>
            <param index="3">
              <value>
                <![CDATA[19-May-2018]]>
              </value>
            </param>
            <param index="4">
              <value>
                <![CDATA[pdt9]]>
              </value>
            </param>
            <param index="5">
              <value>
                <![CDATA[10.0]]>
              </value>
            </param>
            <param index="6">
              <value>
                <![CDATA[dose9]]>
              </value>
            </param>
            <param index="7">
              <value>
                <![CDATA[route9]]>
              </value>
            </param>
            <param index="8">
              <value>
                <![CDATA[name and address9]]>
              </value>
            </param>
            <param index="9">
              <value>
                <![CDATA[pi9]]>
              </value>
            </param>
            <param index="10">
              <value>
                <![CDATA[cold]]>
              </value>
            </param>
            <param index="11">
              <value>
                <![CDATA[10.0]]>
              </value>
            </param>
            <param index="12">
              <value>
                <![CDATA[use9]]>
              </value>
            </param>
          </params>
          <reporter-output>
          </reporter-output>
        </test-method> <!-- verifyclickOnSave -->
        <test-method status="PASS" signature="tearDown()[pri:0, instance:com.qa.appadmin.testCases.AppAdminAddRandomizationCodePageTest@d8355a8]" name="tearDown" is-config="true" duration-ms="820" started-at="2018-06-04T20:11:33Z" finished-at="2018-06-04T20:11:34Z">
          <reporter-output>
          </reporter-output>
        </test-method> <!-- tearDown -->
        <test-method status="PASS" signature="setup()[pri:0, instance:com.qa.appadmin.testCases.AppAdminAddRandomizationCodePageTest@d8355a8]" name="setup" is-config="true" duration-ms="7684" started-at="2018-06-04T20:11:34Z" finished-at="2018-06-04T20:11:41Z">
          <reporter-output>
          </reporter-output>
        </test-method> <!-- setup -->
        <test-method status="PASS" signature="verifyclickOnSave(java.lang.String, java.lang.String, java.lang.String, java.lang.String, java.lang.String, java.lang.String, java.lang.String, java.lang.String, java.lang.String, java.lang.String, java.lang.String, java.lang.String, java.lang.String)[pri:0, instance:com.qa.appadmin.testCases.AppAdminAddRandomizationCodePageTest@d8355a8]" name="verifyclickOnSave" duration-ms="1658" started-at="2018-06-04T20:11:41Z" data-provider="norwichGetTestData" finished-at="2018-06-04T20:11:43Z">
          <params>
            <param index="0">
              <value>
                <![CDATA[r10]]>
              </value>
            </param>
            <param index="1">
              <value>
                <![CDATA[11111.0]]>
              </value>
            </param>
            <param index="2">
              <value>
                <![CDATA[11.0]]>
              </value>
            </param>
            <param index="3">
              <value>
                <![CDATA[20-May-2018]]>
              </value>
            </param>
            <param index="4">
              <value>
                <![CDATA[pdt10]]>
              </value>
            </param>
            <param index="5">
              <value>
                <![CDATA[10.0]]>
              </value>
            </param>
            <param index="6">
              <value>
                <![CDATA[dose10]]>
              </value>
            </param>
            <param index="7">
              <value>
                <![CDATA[route10]]>
              </value>
            </param>
            <param index="8">
              <value>
                <![CDATA[name and address10]]>
              </value>
            </param>
            <param index="9">
              <value>
                <![CDATA[pi10]]>
              </value>
            </param>
            <param index="10">
              <value>
                <![CDATA[cold]]>
              </value>
            </param>
            <param index="11">
              <value>
                <![CDATA[10.0]]>
              </value>
            </param>
            <param index="12">
              <value>
                <![CDATA[use10]]>
              </value>
            </param>
          </params>
          <reporter-output>
          </reporter-output>
        </test-method> <!-- verifyclickOnSave -->
        <test-method status="PASS" signature="tearDown()[pri:0, instance:com.qa.appadmin.testCases.AppAdminAddRandomizationCodePageTest@d8355a8]" name="tearDown" is-config="true" duration-ms="833" started-at="2018-06-04T20:11:43Z" finished-at="2018-06-04T20:11:44Z">
          <reporter-output>
          </reporter-output>
        </test-method> <!-- tearDown -->
        <test-method status="PASS" signature="setup()[pri:0, instance:com.qa.appadmin.testCases.AppAdminAddRandomizationCodePageTest@d8355a8]" name="setup" is-config="true" duration-ms="8121" started-at="2018-06-04T20:11:44Z" finished-at="2018-06-04T20:11:52Z">
          <reporter-output>
          </reporter-output>
        </test-method> <!-- setup -->
        <test-method status="FAIL" signature="verifyclickOnCancel()[pri:0, instance:com.qa.appadmin.testCases.AppAdminAddRandomizationCodePageTest@d8355a8]" name="verifyclickOnCancel" duration-ms="514" started-at="2018-06-04T20:11:52Z" finished-at="2018-06-04T20:11:52Z">
          <exception class="org.openqa.selenium.WebDriverException">
            <message>
              <![CDATA[unknown error: Element <a href="/crf3/Studies/RandomizationCodeList?studyId=1076" class="btn btn-default">...</a> is not clickable at point (949, 602). Other element would receive the click: <footer>...</footer>
  (Session info: chrome=66.0.3359.181)
  (Driver info: chromedriver=2.38.552522 (437e6fbedfa8762dec75e2c5b3ddb86763dc9dcb),platform=Windows NT 10.0.17134 x86_64) (WARNING: The server did not provide any stacktrace information)
Command duration or timeout: 0 milliseconds
Build info: version: '3.7.1', revision: '8a0099a', time: '2017-11-06T21:01:39.354Z'
System info: host: 'DESKTOP-8SU807H', ip: '192.168.10.51', os.name: 'Windows 10', os.arch: 'amd64', os.version: '10.0', java.version: '1.8.0_171'
Driver info: org.openqa.selenium.chrome.ChromeDriver
Capabilities {acceptInsecureCerts: false, acceptSslCerts: false, applicationCacheEnabled: false, browserConnectionEnabled: false, browserName: chrome, chrome: {chromedriverVersion: 2.38.552522 (437e6fbedfa876..., userDataDir: C:\Users\Silpa\AppData\Loca...}, cssSelectorsEnabled: true, databaseEnabled: false, handlesAlerts: true, hasTouchScreen: false, javascriptEnabled: true, locationContextEnabled: true, mobileEmulationEnabled: false, nativeEvents: true, networkConnectionEnabled: false, pageLoadStrategy: normal, platform: XP, platformName: XP, rotatable: false, setWindowRect: true, takesHeapSnapshot: true, takesScreenshot: true, unexpectedAlertBehaviour: , unhandledPromptBehavior: , version: 66.0.3359.181, webStorageEnabled: true}
Session ID: 6a539864622de728d8d090abc134fa00]]>
            </message>
            <full-stacktrace>
              <![CDATA[org.openqa.selenium.WebDriverException: unknown error: Element <a href="/crf3/Studies/RandomizationCodeList?studyId=1076" class="btn btn-default">...</a> is not clickable at point (949, 602). Other element would receive the click: <footer>...</footer>
  (Session info: chrome=66.0.3359.181)
  (Driver info: chromedriver=2.38.552522 (437e6fbedfa8762dec75e2c5b3ddb86763dc9dcb),platform=Windows NT 10.0.17134 x86_64) (WARNING: The server did not provide any stacktrace information)
Command duration or timeout: 0 milliseconds
Build info: version: '3.7.1', revision: '8a0099a', time: '2017-11-06T21:01:39.354Z'
System info: host: 'DESKTOP-8SU807H', ip: '192.168.10.51', os.name: 'Windows 10', os.arch: 'amd64', os.version: '10.0', java.version: '1.8.0_171'
Driver info: org.openqa.selenium.chrome.ChromeDriver
Capabilities {acceptInsecureCerts: false, acceptSslCerts: false, applicationCacheEnabled: false, browserConnectionEnabled: false, browserName: chrome, chrome: {chromedriverVersion: 2.38.552522 (437e6fbedfa876..., userDataDir: C:\Users\Silpa\AppData\Loca...}, cssSelectorsEnabled: true, databaseEnabled: false, handlesAlerts: true, hasTouchScreen: false, javascriptEnabled: true, locationContextEnabled: true, mobileEmulationEnabled: false, nativeEvents: true, networkConnectionEnabled: false, pageLoadStrategy: normal, platform: XP, platformName: XP, rotatable: false, setWindowRect: true, takesHeapSnapshot: true, takesScreenshot: true, unexpectedAlertBehaviour: , unhandledPromptBehavior: , version: 66.0.3359.181, webStorageEnabled: true}
Session ID: 6a539864622de728d8d090abc134fa00
	at sun.reflect.NativeConstructorAccessorImpl.newInstance0(Native Method)
	at sun.reflect.NativeConstructorAccessorImpl.newInstance(NativeConstructorAccessorImpl.java:62)
	at sun.reflect.DelegatingConstructorAccessorImpl.newInstance(DelegatingConstructorAccessorImpl.java:45)
	at java.lang.reflect.Constructor.newInstance(Constructor.java:423)
	at org.openqa.selenium.remote.ErrorHandler.createThrowable(ErrorHandler.java:214)
	at org.openqa.selenium.remote.ErrorHandler.throwIfResponseFailed(ErrorHandler.java:166)
	at org.openqa.selenium.remote.http.JsonHttpResponseCodec.reconstructValue(JsonHttpResponseCodec.java:40)
	at org.openqa.selenium.remote.http.AbstractHttpResponseCodec.decode(AbstractHttpResponseCodec.java:80)
	at org.openqa.selenium.remote.http.AbstractHttpResponseCodec.decode(AbstractHttpResponseCodec.java:44)
	at org.openqa.selenium.remote.HttpCommandExecutor.execute(HttpCommandExecutor.java:164)
	at org.openqa.selenium.remote.service.DriverCommandExecutor.execute(DriverCommandExecutor.java:83)
	at org.openqa.selenium.remote.RemoteWebDriver.execute(RemoteWebDriver.java:600)
	at org.openqa.selenium.remote.RemoteWebElement.execute(RemoteWebElement.java:279)
	at org.openqa.selenium.remote.RemoteWebElement.click(RemoteWebElement.java:83)
	at sun.reflect.GeneratedMethodAccessor4.invoke(Unknown Source)
	at sun.reflect.DelegatingMethodAccessorImpl.invoke(DelegatingMethodAccessorImpl.java:43)
	at java.lang.reflect.Method.invoke(Method.java:498)
	at org.openqa.selenium.support.events.EventFiringWebDriver$EventFiringWebElement$1.invoke(EventFiringWebDriver.java:376)
	at com.sun.proxy.$Proxy13.click(Unknown Source)
	at org.openqa.selenium.support.events.EventFiringWebDriver$EventFiringWebElement.click(EventFiringWebDriver.java:389)
	at sun.reflect.GeneratedMethodAccessor4.invoke(Unknown Source)
	at sun.reflect.DelegatingMethodAccessorImpl.invoke(DelegatingMethodAccessorImpl.java:43)
	at java.lang.reflect.Method.invoke(Method.java:498)
	at org.openqa.selenium.support.pagefactory.internal.LocatingElementHandler.invoke(LocatingElementHandler.java:51)
	at com.sun.proxy.$Proxy12.click(Unknown Source)
	at com.qa.appadmin.pages.AppAdminAddRandomizationCodePage.clickOnCancel(AppAdminAddRandomizationCodePage.java:141)
	at com.qa.appadmin.testCases.AppAdminAddRandomizationCodePageTest.verifyclickOnCancel(AppAdminAddRandomizationCodePageTest.java:88)
	at sun.reflect.NativeMethodAccessorImpl.invoke0(Native Method)
	at sun.reflect.NativeMethodAccessorImpl.invoke(NativeMethodAccessorImpl.java:62)
	at sun.reflect.DelegatingMethodAccessorImpl.invoke(DelegatingMethodAccessorImpl.java:43)
	at java.lang.reflect.Method.invoke(Method.java:498)
	at org.testng.internal.MethodInvocationHelper.invokeMethod(MethodInvocationHelper.java:80)
	at org.testng.internal.Invoker.invokeMethod(Invoker.java:714)
	at org.testng.internal.Invoker.invokeTestMethod(Invoker.java:901)
	at org.testng.internal.Invoker.invokeTestMethods(Invoker.java:1231)
	at org.testng.internal.TestMethodWorker.invokeTestMethods(TestMethodWorker.java:127)
	at org.testng.internal.TestMethodWorker.run(TestMethodWorker.java:111)
	at org.testng.TestRunner.privateRun(TestRunner.java:767)
	at org.testng.TestRunner.run(TestRunner.java:617)
	at org.testng.SuiteRunner.runTest(SuiteRunner.java:334)
	at org.testng.SuiteRunner.runSequentially(SuiteRunner.java:329)
	at org.testng.SuiteRunner.privateRun(SuiteRunner.java:291)
	at org.testng.SuiteRunner.run(SuiteRunner.java:240)
	at org.testng.SuiteRunnerWorker.runSuite(SuiteRunnerWorker.java:52)
	at org.testng.SuiteRunnerWorker.run(SuiteRunnerWorker.java:86)
	at org.testng.TestNG.runSuitesSequentially(TestNG.java:1198)
	at org.testng.TestNG.runSuitesLocally(TestNG.java:1123)
	at org.testng.TestNG.run(TestNG.java:1031)
	at org.testng.remote.AbstractRemoteTestNG.run(AbstractRemoteTestNG.java:114)
	at org.testng.remote.RemoteTestNG.initAndRun(RemoteTestNG.java:251)
	at org.testng.remote.RemoteTestNG.main(RemoteTestNG.java:77)
]]>
            </full-stacktrace>
          </exception> <!-- org.openqa.selenium.WebDriverException -->
          <reporter-output>
          </reporter-output>
        </test-method> <!-- verifyclickOnCancel -->
        <test-method status="PASS" signature="tearDown()[pri:0, instance:com.qa.appadmin.testCases.AppAdminAddRandomizationCodePageTest@d8355a8]" name="tearDown" is-config="true" duration-ms="759" started-at="2018-06-04T20:11:52Z" finished-at="2018-06-04T20:11:53Z">
          <reporter-output>
          </reporter-output>
        </test-method> <!-- tearDown -->
        <test-method status="PASS" signature="setup()[pri:0, instance:com.qa.appadmin.testCases.AppAdminAddRandomizationCodePageTest@d8355a8]" name="setup" is-config="true" duration-ms="8017" started-at="2018-06-04T20:11:53Z" finished-at="2018-06-04T20:12:01Z">
          <reporter-output>
          </reporter-output>
        </test-method> <!-- setup -->
        <test-method status="PASS" signature="ChangePasswordTest()[pri:0, instance:com.qa.appadmin.testCases.AppAdminAddRandomizationCodePageTest@d8355a8]" name="ChangePasswordTest" duration-ms="375" started-at="2018-06-04T20:12:01Z" finished-at="2018-06-04T20:12:01Z">
          <reporter-output>
          </reporter-output>
        </test-method> <!-- ChangePasswordTest -->
        <test-method status="PASS" signature="tearDown()[pri:0, instance:com.qa.appadmin.testCases.AppAdminAddRandomizationCodePageTest@d8355a8]" name="tearDown" is-config="true" duration-ms="776" started-at="2018-06-04T20:12:01Z" finished-at="2018-06-04T20:12:02Z">
          <reporter-output>
          </reporter-output>
        </test-method> <!-- tearDown -->
        <test-method status="PASS" signature="setup()[pri:0, instance:com.qa.appadmin.testCases.AppAdminAddRandomizationCodePageTest@d8355a8]" name="setup" is-config="true" duration-ms="7996" started-at="2018-06-04T20:12:02Z" finished-at="2018-06-04T20:12:10Z">
          <reporter-output>
          </reporter-output>
        </test-method> <!-- setup -->
        <test-method status="PASS" signature="LogoutTest()[pri:0, instance:com.qa.appadmin.testCases.AppAdminAddRandomizationCodePageTest@d8355a8]" name="LogoutTest" duration-ms="286" started-at="2018-06-04T20:12:10Z" finished-at="2018-06-04T20:12:11Z">
          <reporter-output>
          </reporter-output>
        </test-method> <!-- LogoutTest -->
        <test-method status="PASS" signature="tearDown()[pri:0, instance:com.qa.appadmin.testCases.AppAdminAddRandomizationCodePageTest@d8355a8]" name="tearDown" is-config="true" duration-ms="747" started-at="2018-06-04T20:12:11Z" finished-at="2018-06-04T20:12:11Z">
          <reporter-output>
          </reporter-output>
        </test-method> <!-- tearDown -->
      </class> <!-- com.qa.appadmin.testCases.AppAdminAddRandomizationCodePageTest -->
    </test> <!-- Default test -->
  </suite> <!-- Default suite -->
</testng-results>
